2023-01-19 17:13:59 - PHP Unknown:  The Twig_Autoloader class is deprecated since version 1.21 and will be removed in 2.0. Use Composer instead. in C:\OSPanel\domains\job\system\library\template\Twig\Autoloader.php on line 12
2023-01-19 17:13:59 - PHP Unknown:  Using Twig_Autoloader is deprecated since version 1.21. Use Composer instead. in C:\OSPanel\domains\job\system\library\template\Twig\Autoloader.php on line 30
2023-01-19 17:13:59 - PHP Unknown:  preg_match(): Passing null to parameter #4 ($flags) of type int is deprecated in C:\OSPanel\domains\job\system\library\template\Twig\Lexer.php on line 211
2023-01-19 17:13:59 - PHP Unknown:  preg_match(): Passing null to parameter #4 ($flags) of type int is deprecated in C:\OSPanel\domains\job\system\library\template\Twig\Lexer.php on line 223
2023-01-19 17:13:59 - PHP Unknown:  preg_match(): Passing null to parameter #4 ($flags) of type int is deprecated in C:\OSPanel\domains\job\system\library\template\Twig\Lexer.php on line 232
2023-01-19 17:13:59 - PHP Unknown:  preg_match(): Passing null to parameter #4 ($flags) of type int is deprecated in C:\OSPanel\domains\job\system\library\template\Twig\Lexer.php on line 237
2023-01-19 17:13:59 - PHP Unknown:  preg_match(): Passing null to parameter #4 ($flags) of type int is deprecated in C:\OSPanel\domains\job\system\library\template\Twig\Lexer.php on line 211
2023-01-19 17:13:59 - PHP Unknown:  Return type of Twig_Node::count() should either be compatible with Countable::count(): int, or the #[\ReturnTypeWillChange] attribute should be used to temporarily suppress the notice in C:\OSPanel\domains\job\system\library\template\Twig\Node.php on line 222
2023-01-19 17:13:59 - PHP Unknown:  Return type of Twig_Node::getIterator() should either be compatible with IteratorAggregate::getIterator(): Traversable, or the #[\ReturnTypeWillChange] attribute should be used to temporarily suppress the notice in C:\OSPanel\domains\job\system\library\template\Twig\Node.php on line 227
2023-01-19 17:13:59 - PHP Unknown:  Using Twig_Autoloader is deprecated since version 1.21. Use Composer instead. in C:\OSPanel\domains\job\system\library\template\Twig\Autoloader.php on line 30
2023-01-19 17:13:59 - PHP Unknown:  preg_match(): Passing null to parameter #4 ($flags) of type int is deprecated in C:\OSPanel\domains\job\system\library\template\Twig\Lexer.php on line 211
2023-01-19 17:13:59 - PHP Unknown:  preg_match(): Passing null to parameter #4 ($flags) of type int is deprecated in C:\OSPanel\domains\job\system\library\template\Twig\Lexer.php on line 223
2023-01-19 17:13:59 - PHP Unknown:  preg_match(): Passing null to parameter #4 ($flags) of type int is deprecated in C:\OSPanel\domains\job\system\library\template\Twig\Lexer.php on line 232
2023-01-19 17:13:59 - PHP Unknown:  preg_match(): Passing null to parameter #4 ($flags) of type int is deprecated in C:\OSPanel\domains\job\system\library\template\Twig\Lexer.php on line 237
2023-01-19 17:13:59 - PHP Unknown:  preg_match(): Passing null to parameter #4 ($flags) of type int is deprecated in C:\OSPanel\domains\job\system\library\template\Twig\Lexer.php on line 211
2023-01-19 17:13:59 - PHP Unknown:  preg_match(): Passing null to parameter #4 ($flags) of type int is deprecated in C:\OSPanel\domains\job\system\library\template\Twig\Lexer.php on line 211
2023-01-19 17:13:59 - PHP Unknown:  preg_match(): Passing null to parameter #4 ($flags) of type int is deprecated in C:\OSPanel\domains\job\system\library\template\Twig\Lexer.php on line 223
2023-01-19 17:13:59 - PHP Unknown:  preg_match(): Passing null to parameter #4 ($flags) of type int is deprecated in C:\OSPanel\domains\job\system\library\template\Twig\Lexer.php on line 232
2023-01-19 17:13:59 - PHP Unknown:  preg_match(): Passing null to parameter #4 ($flags) of type int is deprecated in C:\OSPanel\domains\job\system\library\template\Twig\Lexer.php on line 237
2023-01-19 17:13:59 - PHP Unknown:  preg_match(): Passing null to parameter #4 ($flags) of type int is deprecated in C:\OSPanel\domains\job\system\library\template\Twig\Lexer.php on line 211
2023-01-19 17:13:59 - PHP Unknown:  Using Twig_Autoloader is deprecated since version 1.21. Use Composer instead. in C:\OSPanel\domains\job\system\library\template\Twig\Autoloader.php on line 30
2023-01-19 17:13:59 - PHP Unknown:  preg_match(): Passing null to parameter #4 ($flags) of type int is deprecated in C:\OSPanel\domains\job\system\library\template\Twig\Lexer.php on line 176
2023-01-19 17:13:59 - PHP Unknown:  preg_match(): Passing null to parameter #4 ($flags) of type int is deprecated in C:\OSPanel\domains\job\system\library\template\Twig\Lexer.php on line 180
2023-01-19 17:13:59 - PHP Unknown:  preg_match(): Passing null to parameter #4 ($flags) of type int is deprecated in C:\OSPanel\domains\job\system\library\template\Twig\Lexer.php on line 200
2023-01-19 17:13:59 - PHP Unknown:  preg_match(): Passing null to parameter #4 ($flags) of type int is deprecated in C:\OSPanel\domains\job\system\library\template\Twig\Lexer.php on line 223
2023-01-19 17:13:59 - PHP Unknown:  preg_match(): Passing null to parameter #4 ($flags) of type int is deprecated in C:\OSPanel\domains\job\system\library\template\Twig\Lexer.php on line 232
2023-01-19 17:13:59 - PHP Unknown:  preg_match(): Passing null to parameter #4 ($flags) of type int is deprecated in C:\OSPanel\domains\job\system\library\template\Twig\Lexer.php on line 237
2023-01-19 17:13:59 - PHP Unknown:  preg_match(): Passing null to parameter #4 ($flags) of type int is deprecated in C:\OSPanel\domains\job\system\library\template\Twig\Lexer.php on line 200
2023-01-19 17:13:59 - PHP Unknown:  preg_match(): Passing null to parameter #4 ($flags) of type int is deprecated in C:\OSPanel\domains\job\system\library\template\Twig\Lexer.php on line 223
2023-01-19 17:13:59 - PHP Unknown:  preg_match(): Passing null to parameter #4 ($flags) of type int is deprecated in C:\OSPanel\domains\job\system\library\template\Twig\Lexer.php on line 232
2023-01-19 17:13:59 - PHP Unknown:  preg_match(): Passing null to parameter #4 ($flags) of type int is deprecated in C:\OSPanel\domains\job\system\library\template\Twig\Lexer.php on line 237
2023-01-19 17:13:59 - PHP Unknown:  preg_match(): Passing null to parameter #4 ($flags) of type int is deprecated in C:\OSPanel\domains\job\system\library\template\Twig\Lexer.php on line 200
2023-01-19 17:13:59 - PHP Unknown:  preg_match(): Passing null to parameter #4 ($flags) of type int is deprecated in C:\OSPanel\domains\job\system\library\template\Twig\Lexer.php on line 223
2023-01-19 17:13:59 - PHP Unknown:  preg_match(): Passing null to parameter #4 ($flags) of type int is deprecated in C:\OSPanel\domains\job\system\library\template\Twig\Lexer.php on line 232
2023-01-19 17:13:59 - PHP Unknown:  preg_match(): Passing null to parameter #4 ($flags) of type int is deprecated in C:\OSPanel\domains\job\system\library\template\Twig\Lexer.php on line 237
2023-01-19 17:13:59 - PHP Unknown:  preg_match(): Passing null to parameter #4 ($flags) of type int is deprecated in C:\OSPanel\domains\job\system\library\template\Twig\Lexer.php on line 242
2023-01-19 17:13:59 - PHP Unknown:  preg_match(): Passing null to parameter #4 ($flags) of type int is deprecated in C:\OSPanel\domains\job\system\library\template\Twig\Lexer.php on line 200
2023-01-19 17:13:59 - PHP Unknown:  preg_match(): Passing null to parameter #4 ($flags) of type int is deprecated in C:\OSPanel\domains\job\system\library\template\Twig\Lexer.php on line 223
2023-01-19 17:13:59 - PHP Unknown:  preg_match(): Passing null to parameter #4 ($flags) of type int is deprecated in C:\OSPanel\domains\job\system\library\template\Twig\Lexer.php on line 232
2023-01-19 17:13:59 - PHP Unknown:  preg_match(): Passing null to parameter #4 ($flags) of type int is deprecated in C:\OSPanel\domains\job\system\library\template\Twig\Lexer.php on line 237
2023-01-19 17:13:59 - PHP Unknown:  preg_match(): Passing null to parameter #4 ($flags) of type int is deprecated in C:\OSPanel\domains\job\system\library\template\Twig\Lexer.php on line 200
2023-01-19 17:13:59 - PHP Unknown:  preg_match(): Passing null to parameter #4 ($flags) of type int is deprecated in C:\OSPanel\domains\job\system\library\template\Twig\Lexer.php on line 223
2023-01-19 17:13:59 - PHP Unknown:  preg_match(): Passing null to parameter #4 ($flags) of type int is deprecated in C:\OSPanel\domains\job\system\library\template\Twig\Lexer.php on line 232
2023-01-19 17:13:59 - PHP Unknown:  preg_match(): Passing null to parameter #4 ($flags) of type int is deprecated in C:\OSPanel\domains\job\system\library\template\Twig\Lexer.php on line 237
2023-01-19 17:13:59 - PHP Unknown:  preg_match(): Passing null to parameter #4 ($flags) of type int is deprecated in C:\OSPanel\domains\job\system\library\template\Twig\Lexer.php on line 242
2023-01-19 17:13:59 - PHP Unknown:  preg_match(): Passing null to parameter #4 ($flags) of type int is deprecated in C:\OSPanel\domains\job\system\library\template\Twig\Lexer.php on line 223
2023-01-19 17:13:59 - PHP Unknown:  preg_match(): Passing null to parameter #4 ($flags) of type int is deprecated in C:\OSPanel\domains\job\system\library\template\Twig\Lexer.php on line 232
2023-01-19 17:13:59 - PHP Unknown:  preg_match(): Passing null to parameter #4 ($flags) of type int is deprecated in C:\OSPanel\domains\job\system\library\template\Twig\Lexer.php on line 237
2023-01-19 17:13:59 - PHP Unknown:  preg_match(): Passing null to parameter #4 ($flags) of type int is deprecated in C:\OSPanel\domains\job\system\library\template\Twig\Lexer.php on line 242
2023-01-19 17:13:59 - PHP Unknown:  preg_match(): Passing null to parameter #4 ($flags) of type int is deprecated in C:\OSPanel\domains\job\system\library\template\Twig\Lexer.php on line 223
2023-01-19 17:13:59 - PHP Unknown:  preg_match(): Passing null to parameter #4 ($flags) of type int is deprecated in C:\OSPanel\domains\job\system\library\template\Twig\Lexer.php on line 232
2023-01-19 17:13:59 - PHP Unknown:  preg_match(): Passing null to parameter #4 ($flags) of type int is deprecated in C:\OSPanel\domains\job\system\library\template\Twig\Lexer.php on line 237
2023-01-19 17:13:59 - PHP Unknown:  preg_match(): Passing null to parameter #4 ($flags) of type int is deprecated in C:\OSPanel\domains\job\system\library\template\Twig\Lexer.php on line 242
2023-01-19 17:13:59 - PHP Unknown:  preg_match(): Passing null to parameter #4 ($flags) of type int is deprecated in C:\OSPanel\domains\job\system\library\template\Twig\Lexer.php on line 223
2023-01-19 17:13:59 - PHP Unknown:  preg_match(): Passing null to parameter #4 ($flags) of type int is deprecated in C:\OSPanel\domains\job\system\library\template\Twig\Lexer.php on line 232
2023-01-19 17:13:59 - PHP Unknown:  preg_match(): Passing null to parameter #4 ($flags) of type int is deprecated in C:\OSPanel\domains\job\system\library\template\Twig\Lexer.php on line 237
2023-01-19 17:13:59 - PHP Unknown:  preg_match(): Passing null to parameter #4 ($flags) of type int is deprecated in C:\OSPanel\domains\job\system\library\template\Twig\Lexer.php on line 242
2023-01-19 17:13:59 - PHP Unknown:  preg_match(): Passing null to parameter #4 ($flags) of type int is deprecated in C:\OSPanel\domains\job\system\library\template\Twig\Lexer.php on line 223
2023-01-19 17:13:59 - PHP Unknown:  preg_match(): Passing null to parameter #4 ($flags) of type int is deprecated in C:\OSPanel\domains\job\system\library\template\Twig\Lexer.php on line 232
2023-01-19 17:13:59 - PHP Unknown:  preg_match(): Passing null to parameter #4 ($flags) of type int is deprecated in C:\OSPanel\domains\job\system\library\template\Twig\Lexer.php on line 237
2023-01-19 17:13:59 - PHP Unknown:  preg_match(): Passing null to parameter #4 ($flags) of type int is deprecated in C:\OSPanel\domains\job\system\library\template\Twig\Lexer.php on line 242
2023-01-19 17:13:59 - PHP Unknown:  preg_match(): Passing null to parameter #4 ($flags) of type int is deprecated in C:\OSPanel\domains\job\system\library\template\Twig\Lexer.php on line 200
2023-01-19 17:13:59 - PHP Unknown:  preg_match(): Passing null to parameter #4 ($flags) of type int is deprecated in C:\OSPanel\domains\job\system\library\template\Twig\Lexer.php on line 223
2023-01-19 17:13:59 - PHP Unknown:  preg_match(): Passing null to parameter #4 ($flags) of type int is deprecated in C:\OSPanel\domains\job\system\library\template\Twig\Lexer.php on line 232
2023-01-19 17:13:59 - PHP Unknown:  preg_match(): Passing null to parameter #4 ($flags) of type int is deprecated in C:\OSPanel\domains\job\system\library\template\Twig\Lexer.php on line 200
2023-01-19 17:13:59 - PHP Unknown:  preg_match(): Passing null to parameter #4 ($flags) of type int is deprecated in C:\OSPanel\domains\job\system\library\template\Twig\Lexer.php on line 223
2023-01-19 17:13:59 - PHP Unknown:  preg_match(): Passing null to parameter #4 ($flags) of type int is deprecated in C:\OSPanel\domains\job\system\library\template\Twig\Lexer.php on line 232
2023-01-19 17:13:59 - PHP Unknown:  preg_match(): Passing null to parameter #4 ($flags) of type int is deprecated in C:\OSPanel\domains\job\system\library\template\Twig\Lexer.php on line 237
2023-01-19 17:13:59 - PHP Unknown:  preg_match(): Passing null to parameter #4 ($flags) of type int is deprecated in C:\OSPanel\domains\job\system\library\template\Twig\Lexer.php on line 242
2023-01-19 17:13:59 - PHP Unknown:  preg_match(): Passing null to parameter #4 ($flags) of type int is deprecated in C:\OSPanel\domains\job\system\library\template\Twig\Lexer.php on line 272
2023-01-19 17:13:59 - PHP Unknown:  preg_match(): Passing null to parameter #4 ($flags) of type int is deprecated in C:\OSPanel\domains\job\system\library\template\Twig\Lexer.php on line 200
2023-01-19 17:13:59 - PHP Unknown:  preg_match(): Passing null to parameter #4 ($flags) of type int is deprecated in C:\OSPanel\domains\job\system\library\template\Twig\Lexer.php on line 176
2023-01-19 17:13:59 - PHP Unknown:  preg_match(): Passing null to parameter #4 ($flags) of type int is deprecated in C:\OSPanel\domains\job\system\library\template\Twig\Lexer.php on line 180
2023-01-19 17:13:59 - PHP Unknown:  preg_match(): Passing null to parameter #4 ($flags) of type int is deprecated in C:\OSPanel\domains\job\system\library\template\Twig\Lexer.php on line 200
2023-01-19 17:13:59 - PHP Unknown:  preg_match(): Passing null to parameter #4 ($flags) of type int is deprecated in C:\OSPanel\domains\job\system\library\template\Twig\Lexer.php on line 223
2023-01-19 17:13:59 - PHP Unknown:  preg_match(): Passing null to parameter #4 ($flags) of type int is deprecated in C:\OSPanel\domains\job\system\library\template\Twig\Lexer.php on line 232
2023-01-19 17:13:59 - PHP Unknown:  preg_match(): Passing null to parameter #4 ($flags) of type int is deprecated in C:\OSPanel\domains\job\system\library\template\Twig\Lexer.php on line 237
2023-01-19 17:13:59 - PHP Unknown:  preg_match(): Passing null to parameter #4 ($flags) of type int is deprecated in C:\OSPanel\domains\job\system\library\template\Twig\Lexer.php on line 200
2023-01-19 17:13:59 - PHP Unknown:  preg_match(): Passing null to parameter #4 ($flags) of type int is deprecated in C:\OSPanel\domains\job\system\library\template\Twig\Lexer.php on line 223
2023-01-19 17:13:59 - PHP Unknown:  preg_match(): Passing null to parameter #4 ($flags) of type int is deprecated in C:\OSPanel\domains\job\system\library\template\Twig\Lexer.php on line 232
2023-01-19 17:13:59 - PHP Unknown:  preg_match(): Passing null to parameter #4 ($flags) of type int is deprecated in C:\OSPanel\domains\job\system\library\template\Twig\Lexer.php on line 237
2023-01-19 17:13:59 - PHP Unknown:  preg_match(): Passing null to parameter #4 ($flags) of type int is deprecated in C:\OSPanel\domains\job\system\library\template\Twig\Lexer.php on line 200
2023-01-19 17:13:59 - PHP Unknown:  preg_match(): Passing null to parameter #4 ($flags) of type int is deprecated in C:\OSPanel\domains\job\system\library\template\Twig\Lexer.php on line 223
2023-01-19 17:13:59 - PHP Unknown:  preg_match(): Passing null to parameter #4 ($flags) of type int is deprecated in C:\OSPanel\domains\job\system\library\template\Twig\Lexer.php on line 232
2023-01-19 17:13:59 - PHP Unknown:  preg_match(): Passing null to parameter #4 ($flags) of type int is deprecated in C:\OSPanel\domains\job\system\library\template\Twig\Lexer.php on line 200
2023-01-19 17:13:59 - PHP Unknown:  preg_match(): Passing null to parameter #4 ($flags) of type int is deprecated in C:\OSPanel\domains\job\system\library\template\Twig\Lexer.php on line 223
2023-01-19 17:13:59 - PHP Unknown:  preg_match(): Passing null to parameter #4 ($flags) of type int is deprecated in C:\OSPanel\domains\job\system\library\template\Twig\Lexer.php on line 232
2023-01-19 17:13:59 - PHP Unknown:  preg_match(): Passing null to parameter #4 ($flags) of type int is deprecated in C:\OSPanel\domains\job\system\library\template\Twig\Lexer.php on line 237
2023-01-19 17:13:59 - PHP Unknown:  preg_match(): Passing null to parameter #4 ($flags) of type int is deprecated in C:\OSPanel\domains\job\system\library\template\Twig\Lexer.php on line 242
2023-01-19 17:13:59 - PHP Unknown:  preg_match(): Passing null to parameter #4 ($flags) of type int is deprecated in C:\OSPanel\domains\job\system\library\template\Twig\Lexer.php on line 272
2023-01-19 17:13:59 - PHP Unknown:  preg_match(): Passing null to parameter #4 ($flags) of type int is deprecated in C:\OSPanel\domains\job\system\library\template\Twig\Lexer.php on line 200
2023-01-19 17:13:59 - PHP Unknown:  preg_match(): Passing null to parameter #4 ($flags) of type int is deprecated in C:\OSPanel\domains\job\system\library\template\Twig\Lexer.php on line 211
2023-01-19 17:13:59 - PHP Unknown:  preg_match(): Passing null to parameter #4 ($flags) of type int is deprecated in C:\OSPanel\domains\job\system\library\template\Twig\Lexer.php on line 223
2023-01-19 17:13:59 - PHP Unknown:  preg_match(): Passing null to parameter #4 ($flags) of type int is deprecated in C:\OSPanel\domains\job\system\library\template\Twig\Lexer.php on line 232
2023-01-19 17:13:59 - PHP Unknown:  preg_match(): Passing null to parameter #4 ($flags) of type int is deprecated in C:\OSPanel\domains\job\system\library\template\Twig\Lexer.php on line 237
2023-01-19 17:13:59 - PHP Unknown:  preg_match(): Passing null to parameter #4 ($flags) of type int is deprecated in C:\OSPanel\domains\job\system\library\template\Twig\Lexer.php on line 211
2023-01-19 17:13:59 - PHP Unknown:  preg_match(): Passing null to parameter #4 ($flags) of type int is deprecated in C:\OSPanel\domains\job\system\library\template\Twig\Lexer.php on line 176
2023-01-19 17:13:59 - PHP Unknown:  preg_match(): Passing null to parameter #4 ($flags) of type int is deprecated in C:\OSPanel\domains\job\system\library\template\Twig\Lexer.php on line 180
2023-01-19 17:13:59 - PHP Unknown:  preg_match(): Passing null to parameter #4 ($flags) of type int is deprecated in C:\OSPanel\domains\job\system\library\template\Twig\Lexer.php on line 200
2023-01-19 17:13:59 - PHP Unknown:  preg_match(): Passing null to parameter #4 ($flags) of type int is deprecated in C:\OSPanel\domains\job\system\library\template\Twig\Lexer.php on line 223
2023-01-19 17:13:59 - PHP Unknown:  preg_match(): Passing null to parameter #4 ($flags) of type int is deprecated in C:\OSPanel\domains\job\system\library\template\Twig\Lexer.php on line 232
2023-01-19 17:13:59 - PHP Unknown:  preg_match(): Passing null to parameter #4 ($flags) of type int is deprecated in C:\OSPanel\domains\job\system\library\template\Twig\Lexer.php on line 237
2023-01-19 17:13:59 - PHP Unknown:  preg_match(): Passing null to parameter #4 ($flags) of type int is deprecated in C:\OSPanel\domains\job\system\library\template\Twig\Lexer.php on line 200
2023-01-19 17:13:59 - PHP Unknown:  preg_match(): Passing null to parameter #4 ($flags) of type int is deprecated in C:\OSPanel\domains\job\system\library\template\Twig\Lexer.php on line 211
2023-01-19 17:13:59 - PHP Unknown:  preg_match(): Passing null to parameter #4 ($flags) of type int is deprecated in C:\OSPanel\domains\job\system\library\template\Twig\Lexer.php on line 223
2023-01-19 17:13:59 - PHP Unknown:  preg_match(): Passing null to parameter #4 ($flags) of type int is deprecated in C:\OSPanel\domains\job\system\library\template\Twig\Lexer.php on line 232
2023-01-19 17:13:59 - PHP Unknown:  preg_match(): Passing null to parameter #4 ($flags) of type int is deprecated in C:\OSPanel\domains\job\system\library\template\Twig\Lexer.php on line 237
2023-01-19 17:13:59 - PHP Unknown:  preg_match(): Passing null to parameter #4 ($flags) of type int is deprecated in C:\OSPanel\domains\job\system\library\template\Twig\Lexer.php on line 211
2023-01-19 17:13:59 - PHP Unknown:  preg_match(): Passing null to parameter #4 ($flags) of type int is deprecated in C:\OSPanel\domains\job\system\library\template\Twig\Lexer.php on line 176
2023-01-19 17:13:59 - PHP Unknown:  preg_match(): Passing null to parameter #4 ($flags) of type int is deprecated in C:\OSPanel\domains\job\system\library\template\Twig\Lexer.php on line 180
2023-01-19 17:13:59 - PHP Unknown:  preg_match(): Passing null to parameter #4 ($flags) of type int is deprecated in C:\OSPanel\domains\job\system\library\template\Twig\Lexer.php on line 200
2023-01-19 17:13:59 - PHP Unknown:  preg_match(): Passing null to parameter #4 ($flags) of type int is deprecated in C:\OSPanel\domains\job\system\library\template\Twig\Lexer.php on line 223
2023-01-19 17:13:59 - PHP Unknown:  preg_match(): Passing null to parameter #4 ($flags) of type int is deprecated in C:\OSPanel\domains\job\system\library\template\Twig\Lexer.php on line 232
2023-01-19 17:13:59 - PHP Unknown:  preg_match(): Passing null to parameter #4 ($flags) of type int is deprecated in C:\OSPanel\domains\job\system\library\template\Twig\Lexer.php on line 237
2023-01-19 17:13:59 - PHP Unknown:  preg_match(): Passing null to parameter #4 ($flags) of type int is deprecated in C:\OSPanel\domains\job\system\library\template\Twig\Lexer.php on line 200
2023-01-19 17:13:59 - PHP Unknown:  preg_match(): Passing null to parameter #4 ($flags) of type int is deprecated in C:\OSPanel\domains\job\system\library\template\Twig\Lexer.php on line 176
2023-01-19 17:13:59 - PHP Unknown:  preg_match(): Passing null to parameter #4 ($flags) of type int is deprecated in C:\OSPanel\domains\job\system\library\template\Twig\Lexer.php on line 180
2023-01-19 17:13:59 - PHP Unknown:  preg_match(): Passing null to parameter #4 ($flags) of type int is deprecated in C:\OSPanel\domains\job\system\library\template\Twig\Lexer.php on line 200
2023-01-19 17:13:59 - PHP Unknown:  preg_match(): Passing null to parameter #4 ($flags) of type int is deprecated in C:\OSPanel\domains\job\system\library\template\Twig\Lexer.php on line 223
2023-01-19 17:13:59 - PHP Unknown:  preg_match(): Passing null to parameter #4 ($flags) of type int is deprecated in C:\OSPanel\domains\job\system\library\template\Twig\Lexer.php on line 232
2023-01-19 17:13:59 - PHP Unknown:  preg_match(): Passing null to parameter #4 ($flags) of type int is deprecated in C:\OSPanel\domains\job\system\library\template\Twig\Lexer.php on line 237
2023-01-19 17:13:59 - PHP Unknown:  preg_match(): Passing null to parameter #4 ($flags) of type int is deprecated in C:\OSPanel\domains\job\system\library\template\Twig\Lexer.php on line 200
2023-01-19 17:13:59 - PHP Unknown:  preg_match(): Passing null to parameter #4 ($flags) of type int is deprecated in C:\OSPanel\domains\job\system\library\template\Twig\Lexer.php on line 223
2023-01-19 17:13:59 - PHP Unknown:  preg_match(): Passing null to parameter #4 ($flags) of type int is deprecated in C:\OSPanel\domains\job\system\library\template\Twig\Lexer.php on line 232
2023-01-19 17:13:59 - PHP Unknown:  preg_match(): Passing null to parameter #4 ($flags) of type int is deprecated in C:\OSPanel\domains\job\system\library\template\Twig\Lexer.php on line 237
2023-01-19 17:13:59 - PHP Unknown:  preg_match(): Passing null to parameter #4 ($flags) of type int is deprecated in C:\OSPanel\domains\job\system\library\template\Twig\Lexer.php on line 200
2023-01-19 17:13:59 - PHP Unknown:  preg_match(): Passing null to parameter #4 ($flags) of type int is deprecated in C:\OSPanel\domains\job\system\library\template\Twig\Lexer.php on line 223
2023-01-19 17:13:59 - PHP Unknown:  preg_match(): Passing null to parameter #4 ($flags) of type int is deprecated in C:\OSPanel\domains\job\system\library\template\Twig\Lexer.php on line 232
2023-01-19 17:13:59 - PHP Unknown:  preg_match(): Passing null to parameter #4 ($flags) of type int is deprecated in C:\OSPanel\domains\job\system\library\template\Twig\Lexer.php on line 200
2023-01-19 17:13:59 - PHP Unknown:  preg_match(): Passing null to parameter #4 ($flags) of type int is deprecated in C:\OSPanel\domains\job\system\library\template\Twig\Lexer.php on line 223
2023-01-19 17:13:59 - PHP Unknown:  preg_match(): Passing null to parameter #4 ($flags) of type int is deprecated in C:\OSPanel\domains\job\system\library\template\Twig\Lexer.php on line 232
2023-01-19 17:13:59 - PHP Unknown:  preg_match(): Passing null to parameter #4 ($flags) of type int is deprecated in C:\OSPanel\domains\job\system\library\template\Twig\Lexer.php on line 237
2023-01-19 17:13:59 - PHP Unknown:  preg_match(): Passing null to parameter #4 ($flags) of type int is deprecated in C:\OSPanel\domains\job\system\library\template\Twig\Lexer.php on line 242
2023-01-19 17:13:59 - PHP Unknown:  preg_match(): Passing null to parameter #4 ($flags) of type int is deprecated in C:\OSPanel\domains\job\system\library\template\Twig\Lexer.php on line 272
2023-01-19 17:13:59 - PHP Unknown:  preg_match(): Passing null to parameter #4 ($flags) of type int is deprecated in C:\OSPanel\domains\job\system\library\template\Twig\Lexer.php on line 200
2023-01-19 17:13:59 - PHP Unknown:  preg_match(): Passing null to parameter #4 ($flags) of type int is deprecated in C:\OSPanel\domains\job\system\library\template\Twig\Lexer.php on line 211
2023-01-19 17:13:59 - PHP Unknown:  preg_match(): Passing null to parameter #4 ($flags) of type int is deprecated in C:\OSPanel\domains\job\system\library\template\Twig\Lexer.php on line 223
2023-01-19 17:13:59 - PHP Unknown:  preg_match(): Passing null to parameter #4 ($flags) of type int is deprecated in C:\OSPanel\domains\job\system\library\template\Twig\Lexer.php on line 232
2023-01-19 17:13:59 - PHP Unknown:  preg_match(): Passing null to parameter #4 ($flags) of type int is deprecated in C:\OSPanel\domains\job\system\library\template\Twig\Lexer.php on line 237
2023-01-19 17:13:59 - PHP Unknown:  preg_match(): Passing null to parameter #4 ($flags) of type int is deprecated in C:\OSPanel\domains\job\system\library\template\Twig\Lexer.php on line 211
2023-01-19 17:13:59 - PHP Unknown:  preg_match(): Passing null to parameter #4 ($flags) of type int is deprecated in C:\OSPanel\domains\job\system\library\template\Twig\Lexer.php on line 176
2023-01-19 17:13:59 - PHP Unknown:  preg_match(): Passing null to parameter #4 ($flags) of type int is deprecated in C:\OSPanel\domains\job\system\library\template\Twig\Lexer.php on line 180
2023-01-19 17:13:59 - PHP Unknown:  preg_match(): Passing null to parameter #4 ($flags) of type int is deprecated in C:\OSPanel\domains\job\system\library\template\Twig\Lexer.php on line 200
2023-01-19 17:13:59 - PHP Unknown:  preg_match(): Passing null to parameter #4 ($flags) of type int is deprecated in C:\OSPanel\domains\job\system\library\template\Twig\Lexer.php on line 223
2023-01-19 17:13:59 - PHP Unknown:  preg_match(): Passing null to parameter #4 ($flags) of type int is deprecated in C:\OSPanel\domains\job\system\library\template\Twig\Lexer.php on line 232
2023-01-19 17:13:59 - PHP Unknown:  preg_match(): Passing null to parameter #4 ($flags) of type int is deprecated in C:\OSPanel\domains\job\system\library\template\Twig\Lexer.php on line 237
2023-01-19 17:13:59 - PHP Unknown:  preg_match(): Passing null to parameter #4 ($flags) of type int is deprecated in C:\OSPanel\domains\job\system\library\template\Twig\Lexer.php on line 200
2023-01-19 17:13:59 - PHP Unknown:  preg_match(): Passing null to parameter #4 ($flags) of type int is deprecated in C:\OSPanel\domains\job\system\library\template\Twig\Lexer.php on line 211
2023-01-19 17:13:59 - PHP Unknown:  preg_match(): Passing null to parameter #4 ($flags) of type int is deprecated in C:\OSPanel\domains\job\system\library\template\Twig\Lexer.php on line 223
2023-01-19 17:13:59 - PHP Unknown:  preg_match(): Passing null to parameter #4 ($flags) of type int is deprecated in C:\OSPanel\domains\job\system\library\template\Twig\Lexer.php on line 232
2023-01-19 17:13:59 - PHP Unknown:  preg_match(): Passing null to parameter #4 ($flags) of type int is deprecated in C:\OSPanel\domains\job\system\library\template\Twig\Lexer.php on line 237
2023-01-19 17:13:59 - PHP Unknown:  preg_match(): Passing null to parameter #4 ($flags) of type int is deprecated in C:\OSPanel\domains\job\system\library\template\Twig\Lexer.php on line 211
2023-01-19 17:13:59 - PHP Unknown:  preg_match(): Passing null to parameter #4 ($flags) of type int is deprecated in C:\OSPanel\domains\job\system\library\template\Twig\Lexer.php on line 176
2023-01-19 17:13:59 - PHP Unknown:  preg_match(): Passing null to parameter #4 ($flags) of type int is deprecated in C:\OSPanel\domains\job\system\library\template\Twig\Lexer.php on line 180
2023-01-19 17:13:59 - PHP Unknown:  preg_match(): Passing null to parameter #4 ($flags) of type int is deprecated in C:\OSPanel\domains\job\system\library\template\Twig\Lexer.php on line 200
2023-01-19 17:13:59 - PHP Unknown:  preg_match(): Passing null to parameter #4 ($flags) of type int is deprecated in C:\OSPanel\domains\job\system\library\template\Twig\Lexer.php on line 223
2023-01-19 17:13:59 - PHP Unknown:  preg_match(): Passing null to parameter #4 ($flags) of type int is deprecated in C:\OSPanel\domains\job\system\library\template\Twig\Lexer.php on line 232
2023-01-19 17:13:59 - PHP Unknown:  preg_match(): Passing null to parameter #4 ($flags) of type int is deprecated in C:\OSPanel\domains\job\system\library\template\Twig\Lexer.php on line 237
2023-01-19 17:13:59 - PHP Unknown:  preg_match(): Passing null to parameter #4 ($flags) of type int is deprecated in C:\OSPanel\domains\job\system\library\template\Twig\Lexer.php on line 200
2023-01-19 17:13:59 - PHP Unknown:  preg_match(): Passing null to parameter #4 ($flags) of type int is deprecated in C:\OSPanel\domains\job\system\library\template\Twig\Lexer.php on line 176
2023-01-19 17:13:59 - PHP Unknown:  preg_match(): Passing null to parameter #4 ($flags) of type int is deprecated in C:\OSPanel\domains\job\system\library\template\Twig\Lexer.php on line 180
2023-01-19 17:13:59 - PHP Unknown:  preg_match(): Passing null to parameter #4 ($flags) of type int is deprecated in C:\OSPanel\domains\job\system\library\template\Twig\Lexer.php on line 200
2023-01-19 17:13:59 - PHP Unknown:  preg_match(): Passing null to parameter #4 ($flags) of type int is deprecated in C:\OSPanel\domains\job\system\library\template\Twig\Lexer.php on line 223
2023-01-19 17:13:59 - PHP Unknown:  preg_match(): Passing null to parameter #4 ($flags) of type int is deprecated in C:\OSPanel\domains\job\system\library\template\Twig\Lexer.php on line 232
2023-01-19 17:13:59 - PHP Unknown:  preg_match(): Passing null to parameter #4 ($flags) of type int is deprecated in C:\OSPanel\domains\job\system\library\template\Twig\Lexer.php on line 237
2023-01-19 17:13:59 - PHP Unknown:  preg_match(): Passing null to parameter #4 ($flags) of type int is deprecated in C:\OSPanel\domains\job\system\library\template\Twig\Lexer.php on line 200
2023-01-19 17:13:59 - PHP Unknown:  preg_match(): Passing null to parameter #4 ($flags) of type int is deprecated in C:\OSPanel\domains\job\system\library\template\Twig\Lexer.php on line 223
2023-01-19 17:13:59 - PHP Unknown:  preg_match(): Passing null to parameter #4 ($flags) of type int is deprecated in C:\OSPanel\domains\job\system\library\template\Twig\Lexer.php on line 232
2023-01-19 17:13:59 - PHP Unknown:  preg_match(): Passing null to parameter #4 ($flags) of type int is deprecated in C:\OSPanel\domains\job\system\library\template\Twig\Lexer.php on line 237
2023-01-19 17:13:59 - PHP Unknown:  preg_match(): Passing null to parameter #4 ($flags) of type int is deprecated in C:\OSPanel\domains\job\system\library\template\Twig\Lexer.php on line 200
2023-01-19 17:13:59 - PHP Unknown:  preg_match(): Passing null to parameter #4 ($flags) of type int is deprecated in C:\OSPanel\domains\job\system\library\template\Twig\Lexer.php on line 223
2023-01-19 17:13:59 - PHP Unknown:  preg_match(): Passing null to parameter #4 ($flags) of type int is deprecated in C:\OSPanel\domains\job\system\library\template\Twig\Lexer.php on line 232
2023-01-19 17:13:59 - PHP Unknown:  preg_match(): Passing null to parameter #4 ($flags) of type int is deprecated in C:\OSPanel\domains\job\system\library\template\Twig\Lexer.php on line 200
2023-01-19 17:13:59 - PHP Unknown:  preg_match(): Passing null to parameter #4 ($flags) of type int is deprecated in C:\OSPanel\domains\job\system\library\template\Twig\Lexer.php on line 223
2023-01-19 17:13:59 - PHP Unknown:  preg_match(): Passing null to parameter #4 ($flags) of type int is deprecated in C:\OSPanel\domains\job\system\library\template\Twig\Lexer.php on line 232
2023-01-19 17:13:59 - PHP Unknown:  preg_match(): Passing null to parameter #4 ($flags) of type int is deprecated in C:\OSPanel\domains\job\system\library\template\Twig\Lexer.php on line 237
2023-01-19 17:13:59 - PHP Unknown:  preg_match(): Passing null to parameter #4 ($flags) of type int is deprecated in C:\OSPanel\domains\job\system\library\template\Twig\Lexer.php on line 242
2023-01-19 17:13:59 - PHP Unknown:  preg_match(): Passing null to parameter #4 ($flags) of type int is deprecated in C:\OSPanel\domains\job\system\library\template\Twig\Lexer.php on line 272
2023-01-19 17:13:59 - PHP Unknown:  preg_match(): Passing null to parameter #4 ($flags) of type int is deprecated in C:\OSPanel\domains\job\system\library\template\Twig\Lexer.php on line 200
2023-01-19 17:13:59 - PHP Unknown:  preg_match(): Passing null to parameter #4 ($flags) of type int is deprecated in C:\OSPanel\domains\job\system\library\template\Twig\Lexer.php on line 211
2023-01-19 17:13:59 - PHP Unknown:  preg_match(): Passing null to parameter #4 ($flags) of type int is deprecated in C:\OSPanel\domains\job\system\library\template\Twig\Lexer.php on line 223
2023-01-19 17:13:59 - PHP Unknown:  preg_match(): Passing null to parameter #4 ($flags) of type int is deprecated in C:\OSPanel\domains\job\system\library\template\Twig\Lexer.php on line 232
2023-01-19 17:13:59 - PHP Unknown:  preg_match(): Passing null to parameter #4 ($flags) of type int is deprecated in C:\OSPanel\domains\job\system\library\template\Twig\Lexer.php on line 237
2023-01-19 17:13:59 - PHP Unknown:  preg_match(): Passing null to parameter #4 ($flags) of type int is deprecated in C:\OSPanel\domains\job\system\library\template\Twig\Lexer.php on line 211
2023-01-19 17:13:59 - PHP Unknown:  preg_match(): Passing null to parameter #4 ($flags) of type int is deprecated in C:\OSPanel\domains\job\system\library\template\Twig\Lexer.php on line 176
2023-01-19 17:13:59 - PHP Unknown:  preg_match(): Passing null to parameter #4 ($flags) of type int is deprecated in C:\OSPanel\domains\job\system\library\template\Twig\Lexer.php on line 180
2023-01-19 17:13:59 - PHP Unknown:  preg_match(): Passing null to parameter #4 ($flags) of type int is deprecated in C:\OSPanel\domains\job\system\library\template\Twig\Lexer.php on line 200
2023-01-19 17:13:59 - PHP Unknown:  preg_match(): Passing null to parameter #4 ($flags) of type int is deprecated in C:\OSPanel\domains\job\system\library\template\Twig\Lexer.php on line 223
2023-01-19 17:13:59 - PHP Unknown:  preg_match(): Passing null to parameter #4 ($flags) of type int is deprecated in C:\OSPanel\domains\job\system\library\template\Twig\Lexer.php on line 232
2023-01-19 17:13:59 - PHP Unknown:  preg_match(): Passing null to parameter #4 ($flags) of type int is deprecated in C:\OSPanel\domains\job\system\library\template\Twig\Lexer.php on line 237
2023-01-19 17:13:59 - PHP Unknown:  preg_match(): Passing null to parameter #4 ($flags) of type int is deprecated in C:\OSPanel\domains\job\system\library\template\Twig\Lexer.php on line 200
2023-01-19 17:13:59 - PHP Unknown:  preg_match(): Passing null to parameter #4 ($flags) of type int is deprecated in C:\OSPanel\domains\job\system\library\template\Twig\Lexer.php on line 211
2023-01-19 17:13:59 - PHP Unknown:  preg_match(): Passing null to parameter #4 ($flags) of type int is deprecated in C:\OSPanel\domains\job\system\library\template\Twig\Lexer.php on line 223
2023-01-19 17:13:59 - PHP Unknown:  preg_match(): Passing null to parameter #4 ($flags) of type int is deprecated in C:\OSPanel\domains\job\system\library\template\Twig\Lexer.php on line 232
2023-01-19 17:13:59 - PHP Unknown:  preg_match(): Passing null to parameter #4 ($flags) of type int is deprecated in C:\OSPanel\domains\job\system\library\template\Twig\Lexer.php on line 237
2023-01-19 17:13:59 - PHP Unknown:  preg_match(): Passing null to parameter #4 ($flags) of type int is deprecated in C:\OSPanel\domains\job\system\library\template\Twig\Lexer.php on line 211
2023-01-19 17:13:59 - PHP Unknown:  preg_match(): Passing null to parameter #4 ($flags) of type int is deprecated in C:\OSPanel\domains\job\system\library\template\Twig\Lexer.php on line 176
2023-01-19 17:13:59 - PHP Unknown:  preg_match(): Passing null to parameter #4 ($flags) of type int is deprecated in C:\OSPanel\domains\job\system\library\template\Twig\Lexer.php on line 180
2023-01-19 17:13:59 - PHP Unknown:  preg_match(): Passing null to parameter #4 ($flags) of type int is deprecated in C:\OSPanel\domains\job\system\library\template\Twig\Lexer.php on line 200
2023-01-19 17:13:59 - PHP Unknown:  preg_match(): Passing null to parameter #4 ($flags) of type int is deprecated in C:\OSPanel\domains\job\system\library\template\Twig\Lexer.php on line 223
2023-01-19 17:13:59 - PHP Unknown:  preg_match(): Passing null to parameter #4 ($flags) of type int is deprecated in C:\OSPanel\domains\job\system\library\template\Twig\Lexer.php on line 232
2023-01-19 17:13:59 - PHP Unknown:  preg_match(): Passing null to parameter #4 ($flags) of type int is deprecated in C:\OSPanel\domains\job\system\library\template\Twig\Lexer.php on line 237
2023-01-19 17:13:59 - PHP Unknown:  preg_match(): Passing null to parameter #4 ($flags) of type int is deprecated in C:\OSPanel\domains\job\system\library\template\Twig\Lexer.php on line 200
2023-01-19 17:13:59 - PHP Unknown:  preg_match(): Passing null to parameter #4 ($flags) of type int is deprecated in C:\OSPanel\domains\job\system\library\template\Twig\Lexer.php on line 176
2023-01-19 17:13:59 - PHP Unknown:  preg_match(): Passing null to parameter #4 ($flags) of type int is deprecated in C:\OSPanel\domains\job\system\library\template\Twig\Lexer.php on line 180
2023-01-19 17:13:59 - PHP Unknown:  preg_match(): Passing null to parameter #4 ($flags) of type int is deprecated in C:\OSPanel\domains\job\system\library\template\Twig\Lexer.php on line 200
2023-01-19 17:13:59 - PHP Unknown:  preg_match(): Passing null to parameter #4 ($flags) of type int is deprecated in C:\OSPanel\domains\job\system\library\template\Twig\Lexer.php on line 223
2023-01-19 17:13:59 - PHP Unknown:  preg_match(): Passing null to parameter #4 ($flags) of type int is deprecated in C:\OSPanel\domains\job\system\library\template\Twig\Lexer.php on line 232
2023-01-19 17:13:59 - PHP Unknown:  preg_match(): Passing null to parameter #4 ($flags) of type int is deprecated in C:\OSPanel\domains\job\system\library\template\Twig\Lexer.php on line 237
2023-01-19 17:13:59 - PHP Unknown:  preg_match(): Passing null to parameter #4 ($flags) of type int is deprecated in C:\OSPanel\domains\job\system\library\template\Twig\Lexer.php on line 200
2023-01-19 17:13:59 - PHP Unknown:  preg_match(): Passing null to parameter #4 ($flags) of type int is deprecated in C:\OSPanel\domains\job\system\library\template\Twig\Lexer.php on line 176
2023-01-19 17:13:59 - PHP Unknown:  preg_match(): Passing null to parameter #4 ($flags) of type int is deprecated in C:\OSPanel\domains\job\system\library\template\Twig\Lexer.php on line 180
2023-01-19 17:13:59 - PHP Unknown:  preg_match(): Passing null to parameter #4 ($flags) of type int is deprecated in C:\OSPanel\domains\job\system\library\template\Twig\Lexer.php on line 200
2023-01-19 17:13:59 - PHP Unknown:  preg_match(): Passing null to parameter #4 ($flags) of type int is deprecated in C:\OSPanel\domains\job\system\library\template\Twig\Lexer.php on line 223
2023-01-19 17:13:59 - PHP Unknown:  preg_match(): Passing null to parameter #4 ($flags) of type int is deprecated in C:\OSPanel\domains\job\system\library\template\Twig\Lexer.php on line 232
2023-01-19 17:13:59 - PHP Unknown:  preg_match(): Passing null to parameter #4 ($flags) of type int is deprecated in C:\OSPanel\domains\job\system\library\template\Twig\Lexer.php on line 237
2023-01-19 17:13:59 - PHP Unknown:  preg_match(): Passing null to parameter #4 ($flags) of type int is deprecated in C:\OSPanel\domains\job\system\library\template\Twig\Lexer.php on line 200
2023-01-19 17:13:59 - PHP Unknown:  preg_match(): Passing null to parameter #4 ($flags) of type int is deprecated in C:\OSPanel\domains\job\system\library\template\Twig\Lexer.php on line 223
2023-01-19 17:13:59 - PHP Unknown:  preg_match(): Passing null to parameter #4 ($flags) of type int is deprecated in C:\OSPanel\domains\job\system\library\template\Twig\Lexer.php on line 232
2023-01-19 17:13:59 - PHP Unknown:  preg_match(): Passing null to parameter #4 ($flags) of type int is deprecated in C:\OSPanel\domains\job\system\library\template\Twig\Lexer.php on line 237
2023-01-19 17:13:59 - PHP Unknown:  preg_match(): Passing null to parameter #4 ($flags) of type int is deprecated in C:\OSPanel\domains\job\system\library\template\Twig\Lexer.php on line 200
2023-01-19 17:13:59 - PHP Unknown:  preg_match(): Passing null to parameter #4 ($flags) of type int is deprecated in C:\OSPanel\domains\job\system\library\template\Twig\Lexer.php on line 223
2023-01-19 17:13:59 - PHP Unknown:  preg_match(): Passing null to parameter #4 ($flags) of type int is deprecated in C:\OSPanel\domains\job\system\library\template\Twig\Lexer.php on line 232
2023-01-19 17:13:59 - PHP Unknown:  preg_match(): Passing null to parameter #4 ($flags) of type int is deprecated in C:\OSPanel\domains\job\system\library\template\Twig\Lexer.php on line 200
2023-01-19 17:13:59 - PHP Unknown:  preg_match(): Passing null to parameter #4 ($flags) of type int is deprecated in C:\OSPanel\domains\job\system\library\template\Twig\Lexer.php on line 223
2023-01-19 17:13:59 - PHP Unknown:  preg_match(): Passing null to parameter #4 ($flags) of type int is deprecated in C:\OSPanel\domains\job\system\library\template\Twig\Lexer.php on line 232
2023-01-19 17:13:59 - PHP Unknown:  preg_match(): Passing null to parameter #4 ($flags) of type int is deprecated in C:\OSPanel\domains\job\system\library\template\Twig\Lexer.php on line 237
2023-01-19 17:13:59 - PHP Unknown:  preg_match(): Passing null to parameter #4 ($flags) of type int is deprecated in C:\OSPanel\domains\job\system\library\template\Twig\Lexer.php on line 242
2023-01-19 17:13:59 - PHP Unknown:  preg_match(): Passing null to parameter #4 ($flags) of type int is deprecated in C:\OSPanel\domains\job\system\library\template\Twig\Lexer.php on line 272
2023-01-19 17:13:59 - PHP Unknown:  preg_match(): Passing null to parameter #4 ($flags) of type int is deprecated in C:\OSPanel\domains\job\system\library\template\Twig\Lexer.php on line 200
2023-01-19 17:13:59 - PHP Unknown:  preg_match(): Passing null to parameter #4 ($flags) of type int is deprecated in C:\OSPanel\domains\job\system\library\template\Twig\Lexer.php on line 211
2023-01-19 17:13:59 - PHP Unknown:  preg_match(): Passing null to parameter #4 ($flags) of type int is deprecated in C:\OSPanel\domains\job\system\library\template\Twig\Lexer.php on line 223
2023-01-19 17:13:59 - PHP Unknown:  preg_match(): Passing null to parameter #4 ($flags) of type int is deprecated in C:\OSPanel\domains\job\system\library\template\Twig\Lexer.php on line 232
2023-01-19 17:13:59 - PHP Unknown:  preg_match(): Passing null to parameter #4 ($flags) of type int is deprecated in C:\OSPanel\domains\job\system\library\template\Twig\Lexer.php on line 237
2023-01-19 17:13:59 - PHP Unknown:  preg_match(): Passing null to parameter #4 ($flags) of type int is deprecated in C:\OSPanel\domains\job\system\library\template\Twig\Lexer.php on line 211
2023-01-19 17:13:59 - PHP Unknown:  preg_match(): Passing null to parameter #4 ($flags) of type int is deprecated in C:\OSPanel\domains\job\system\library\template\Twig\Lexer.php on line 176
2023-01-19 17:13:59 - PHP Unknown:  preg_match(): Passing null to parameter #4 ($flags) of type int is deprecated in C:\OSPanel\domains\job\system\library\template\Twig\Lexer.php on line 180
2023-01-19 17:13:59 - PHP Unknown:  preg_match(): Passing null to parameter #4 ($flags) of type int is deprecated in C:\OSPanel\domains\job\system\library\template\Twig\Lexer.php on line 200
2023-01-19 17:13:59 - PHP Unknown:  preg_match(): Passing null to parameter #4 ($flags) of type int is deprecated in C:\OSPanel\domains\job\system\library\template\Twig\Lexer.php on line 223
2023-01-19 17:13:59 - PHP Unknown:  preg_match(): Passing null to parameter #4 ($flags) of type int is deprecated in C:\OSPanel\domains\job\system\library\template\Twig\Lexer.php on line 232
2023-01-19 17:13:59 - PHP Unknown:  preg_match(): Passing null to parameter #4 ($flags) of type int is deprecated in C:\OSPanel\domains\job\system\library\template\Twig\Lexer.php on line 237
2023-01-19 17:13:59 - PHP Unknown:  preg_match(): Passing null to parameter #4 ($flags) of type int is deprecated in C:\OSPanel\domains\job\system\library\template\Twig\Lexer.php on line 200
2023-01-19 17:13:59 - PHP Unknown:  preg_match(): Passing null to parameter #4 ($flags) of type int is deprecated in C:\OSPanel\domains\job\system\library\template\Twig\Lexer.php on line 211
2023-01-19 17:13:59 - PHP Unknown:  preg_match(): Passing null to parameter #4 ($flags) of type int is deprecated in C:\OSPanel\domains\job\system\library\template\Twig\Lexer.php on line 223
2023-01-19 17:13:59 - PHP Unknown:  preg_match(): Passing null to parameter #4 ($flags) of type int is deprecated in C:\OSPanel\domains\job\system\library\template\Twig\Lexer.php on line 232
2023-01-19 17:13:59 - PHP Unknown:  preg_match(): Passing null to parameter #4 ($flags) of type int is deprecated in C:\OSPanel\domains\job\system\library\template\Twig\Lexer.php on line 237
2023-01-19 17:13:59 - PHP Unknown:  preg_match(): Passing null to parameter #4 ($flags) of type int is deprecated in C:\OSPanel\domains\job\system\library\template\Twig\Lexer.php on line 211
2023-01-19 17:13:59 - PHP Unknown:  preg_match(): Passing null to parameter #4 ($flags) of type int is deprecated in C:\OSPanel\domains\job\system\library\template\Twig\Lexer.php on line 176
2023-01-19 17:13:59 - PHP Unknown:  preg_match(): Passing null to parameter #4 ($flags) of type int is deprecated in C:\OSPanel\domains\job\system\library\template\Twig\Lexer.php on line 180
2023-01-19 17:13:59 - PHP Unknown:  preg_match(): Passing null to parameter #4 ($flags) of type int is deprecated in C:\OSPanel\domains\job\system\library\template\Twig\Lexer.php on line 200
2023-01-19 17:13:59 - PHP Unknown:  preg_match(): Passing null to parameter #4 ($flags) of type int is deprecated in C:\OSPanel\domains\job\system\library\template\Twig\Lexer.php on line 223
2023-01-19 17:13:59 - PHP Unknown:  preg_match(): Passing null to parameter #4 ($flags) of type int is deprecated in C:\OSPanel\domains\job\system\library\template\Twig\Lexer.php on line 232
2023-01-19 17:13:59 - PHP Unknown:  preg_match(): Passing null to parameter #4 ($flags) of type int is deprecated in C:\OSPanel\domains\job\system\library\template\Twig\Lexer.php on line 237
2023-01-19 17:13:59 - PHP Unknown:  preg_match(): Passing null to parameter #4 ($flags) of type int is deprecated in C:\OSPanel\domains\job\system\library\template\Twig\Lexer.php on line 200
2023-01-19 17:13:59 - PHP Unknown:  preg_match(): Passing null to parameter #4 ($flags) of type int is deprecated in C:\OSPanel\domains\job\system\library\template\Twig\Lexer.php on line 176
2023-01-19 17:13:59 - PHP Unknown:  preg_match(): Passing null to parameter #4 ($flags) of type int is deprecated in C:\OSPanel\domains\job\system\library\template\Twig\Lexer.php on line 180
2023-01-19 17:13:59 - PHP Unknown:  preg_match(): Passing null to parameter #4 ($flags) of type int is deprecated in C:\OSPanel\domains\job\system\library\template\Twig\Lexer.php on line 200
2023-01-19 17:13:59 - PHP Unknown:  preg_match(): Passing null to parameter #4 ($flags) of type int is deprecated in C:\OSPanel\domains\job\system\library\template\Twig\Lexer.php on line 223
2023-01-19 17:13:59 - PHP Unknown:  preg_match(): Passing null to parameter #4 ($flags) of type int is deprecated in C:\OSPanel\domains\job\system\library\template\Twig\Lexer.php on line 232
2023-01-19 17:13:59 - PHP Unknown:  preg_match(): Passing null to parameter #4 ($flags) of type int is deprecated in C:\OSPanel\domains\job\system\library\template\Twig\Lexer.php on line 237
2023-01-19 17:13:59 - PHP Unknown:  preg_match(): Passing null to parameter #4 ($flags) of type int is deprecated in C:\OSPanel\domains\job\system\library\template\Twig\Lexer.php on line 200
2023-01-19 17:13:59 - PHP Unknown:  preg_match(): Passing null to parameter #4 ($flags) of type int is deprecated in C:\OSPanel\domains\job\system\library\template\Twig\Lexer.php on line 223
2023-01-19 17:13:59 - PHP Unknown:  preg_match(): Passing null to parameter #4 ($flags) of type int is deprecated in C:\OSPanel\domains\job\system\library\template\Twig\Lexer.php on line 232
2023-01-19 17:13:59 - PHP Unknown:  preg_match(): Passing null to parameter #4 ($flags) of type int is deprecated in C:\OSPanel\domains\job\system\library\template\Twig\Lexer.php on line 237
2023-01-19 17:13:59 - PHP Unknown:  preg_match(): Passing null to parameter #4 ($flags) of type int is deprecated in C:\OSPanel\domains\job\system\library\template\Twig\Lexer.php on line 200
2023-01-19 17:13:59 - PHP Unknown:  preg_match(): Passing null to parameter #4 ($flags) of type int is deprecated in C:\OSPanel\domains\job\system\library\template\Twig\Lexer.php on line 223
2023-01-19 17:13:59 - PHP Unknown:  preg_match(): Passing null to parameter #4 ($flags) of type int is deprecated in C:\OSPanel\domains\job\system\library\template\Twig\Lexer.php on line 232
2023-01-19 17:13:59 - PHP Unknown:  preg_match(): Passing null to parameter #4 ($flags) of type int is deprecated in C:\OSPanel\domains\job\system\library\template\Twig\Lexer.php on line 200
2023-01-19 17:13:59 - PHP Unknown:  preg_match(): Passing null to parameter #4 ($flags) of type int is deprecated in C:\OSPanel\domains\job\system\library\template\Twig\Lexer.php on line 223
2023-01-19 17:13:59 - PHP Unknown:  preg_match(): Passing null to parameter #4 ($flags) of type int is deprecated in C:\OSPanel\domains\job\system\library\template\Twig\Lexer.php on line 232
2023-01-19 17:13:59 - PHP Unknown:  preg_match(): Passing null to parameter #4 ($flags) of type int is deprecated in C:\OSPanel\domains\job\system\library\template\Twig\Lexer.php on line 237
2023-01-19 17:13:59 - PHP Unknown:  preg_match(): Passing null to parameter #4 ($flags) of type int is deprecated in C:\OSPanel\domains\job\system\library\template\Twig\Lexer.php on line 242
2023-01-19 17:13:59 - PHP Unknown:  preg_match(): Passing null to parameter #4 ($flags) of type int is deprecated in C:\OSPanel\domains\job\system\library\template\Twig\Lexer.php on line 272
2023-01-19 17:13:59 - PHP Unknown:  preg_match(): Passing null to parameter #4 ($flags) of type int is deprecated in C:\OSPanel\domains\job\system\library\template\Twig\Lexer.php on line 200
2023-01-19 17:13:59 - PHP Unknown:  preg_match(): Passing null to parameter #4 ($flags) of type int is deprecated in C:\OSPanel\domains\job\system\library\template\Twig\Lexer.php on line 211
2023-01-19 17:13:59 - PHP Unknown:  preg_match(): Passing null to parameter #4 ($flags) of type int is deprecated in C:\OSPanel\domains\job\system\library\template\Twig\Lexer.php on line 223
2023-01-19 17:13:59 - PHP Unknown:  preg_match(): Passing null to parameter #4 ($flags) of type int is deprecated in C:\OSPanel\domains\job\system\library\template\Twig\Lexer.php on line 232
2023-01-19 17:13:59 - PHP Unknown:  preg_match(): Passing null to parameter #4 ($flags) of type int is deprecated in C:\OSPanel\domains\job\system\library\template\Twig\Lexer.php on line 237
2023-01-19 17:13:59 - PHP Unknown:  preg_match(): Passing null to parameter #4 ($flags) of type int is deprecated in C:\OSPanel\domains\job\system\library\template\Twig\Lexer.php on line 211
2023-01-19 17:13:59 - PHP Unknown:  preg_match(): Passing null to parameter #4 ($flags) of type int is deprecated in C:\OSPanel\domains\job\system\library\template\Twig\Lexer.php on line 176
2023-01-19 17:13:59 - PHP Unknown:  preg_match(): Passing null to parameter #4 ($flags) of type int is deprecated in C:\OSPanel\domains\job\system\library\template\Twig\Lexer.php on line 180
2023-01-19 17:13:59 - PHP Unknown:  preg_match(): Passing null to parameter #4 ($flags) of type int is deprecated in C:\OSPanel\domains\job\system\library\template\Twig\Lexer.php on line 200
2023-01-19 17:13:59 - PHP Unknown:  preg_match(): Passing null to parameter #4 ($flags) of type int is deprecated in C:\OSPanel\domains\job\system\library\template\Twig\Lexer.php on line 223
2023-01-19 17:13:59 - PHP Unknown:  preg_match(): Passing null to parameter #4 ($flags) of type int is deprecated in C:\OSPanel\domains\job\system\library\template\Twig\Lexer.php on line 232
2023-01-19 17:13:59 - PHP Unknown:  preg_match(): Passing null to parameter #4 ($flags) of type int is deprecated in C:\OSPanel\domains\job\system\library\template\Twig\Lexer.php on line 237
2023-01-19 17:13:59 - PHP Unknown:  preg_match(): Passing null to parameter #4 ($flags) of type int is deprecated in C:\OSPanel\domains\job\system\library\template\Twig\Lexer.php on line 200
2023-01-19 17:13:59 - PHP Unknown:  preg_match(): Passing null to parameter #4 ($flags) of type int is deprecated in C:\OSPanel\domains\job\system\library\template\Twig\Lexer.php on line 211
2023-01-19 17:13:59 - PHP Unknown:  preg_match(): Passing null to parameter #4 ($flags) of type int is deprecated in C:\OSPanel\domains\job\system\library\template\Twig\Lexer.php on line 223
2023-01-19 17:13:59 - PHP Unknown:  preg_match(): Passing null to parameter #4 ($flags) of type int is deprecated in C:\OSPanel\domains\job\system\library\template\Twig\Lexer.php on line 232
2023-01-19 17:13:59 - PHP Unknown:  preg_match(): Passing null to parameter #4 ($flags) of type int is deprecated in C:\OSPanel\domains\job\system\library\template\Twig\Lexer.php on line 237
2023-01-19 17:13:59 - PHP Unknown:  preg_match(): Passing null to parameter #4 ($flags) of type int is deprecated in C:\OSPanel\domains\job\system\library\template\Twig\Lexer.php on line 211
2023-01-19 17:13:59 - PHP Unknown:  preg_match(): Passing null to parameter #4 ($flags) of type int is deprecated in C:\OSPanel\domains\job\system\library\template\Twig\Lexer.php on line 176
2023-01-19 17:13:59 - PHP Unknown:  preg_match(): Passing null to parameter #4 ($flags) of type int is deprecated in C:\OSPanel\domains\job\system\library\template\Twig\Lexer.php on line 180
2023-01-19 17:13:59 - PHP Unknown:  preg_match(): Passing null to parameter #4 ($flags) of type int is deprecated in C:\OSPanel\domains\job\system\library\template\Twig\Lexer.php on line 200
2023-01-19 17:13:59 - PHP Unknown:  preg_match(): Passing null to parameter #4 ($flags) of type int is deprecated in C:\OSPanel\domains\job\system\library\template\Twig\Lexer.php on line 223
2023-01-19 17:13:59 - PHP Unknown:  preg_match(): Passing null to parameter #4 ($flags) of type int is deprecated in C:\OSPanel\domains\job\system\library\template\Twig\Lexer.php on line 232
2023-01-19 17:13:59 - PHP Unknown:  preg_match(): Passing null to parameter #4 ($flags) of type int is deprecated in C:\OSPanel\domains\job\system\library\template\Twig\Lexer.php on line 237
2023-01-19 17:13:59 - PHP Unknown:  preg_match(): Passing null to parameter #4 ($flags) of type int is deprecated in C:\OSPanel\domains\job\system\library\template\Twig\Lexer.php on line 200
2023-01-19 17:13:59 - PHP Unknown:  preg_match(): Passing null to parameter #4 ($flags) of type int is deprecated in C:\OSPanel\domains\job\system\library\template\Twig\Lexer.php on line 176
2023-01-19 17:13:59 - PHP Unknown:  preg_match(): Passing null to parameter #4 ($flags) of type int is deprecated in C:\OSPanel\domains\job\system\library\template\Twig\Lexer.php on line 180
2023-01-19 17:13:59 - PHP Unknown:  preg_match(): Passing null to parameter #4 ($flags) of type int is deprecated in C:\OSPanel\domains\job\system\library\template\Twig\Lexer.php on line 200
2023-01-19 17:13:59 - PHP Unknown:  preg_match(): Passing null to parameter #4 ($flags) of type int is deprecated in C:\OSPanel\domains\job\system\library\template\Twig\Lexer.php on line 223
2023-01-19 17:13:59 - PHP Unknown:  preg_match(): Passing null to parameter #4 ($flags) of type int is deprecated in C:\OSPanel\domains\job\system\library\template\Twig\Lexer.php on line 232
2023-01-19 17:13:59 - PHP Unknown:  preg_match(): Passing null to parameter #4 ($flags) of type int is deprecated in C:\OSPanel\domains\job\system\library\template\Twig\Lexer.php on line 237
2023-01-19 17:13:59 - PHP Unknown:  preg_match(): Passing null to parameter #4 ($flags) of type int is deprecated in C:\OSPanel\domains\job\system\library\template\Twig\Lexer.php on line 200
2023-01-19 17:13:59 - PHP Unknown:  preg_match(): Passing null to parameter #4 ($flags) of type int is deprecated in C:\OSPanel\domains\job\system\library\template\Twig\Lexer.php on line 211
2023-01-19 17:13:59 - PHP Unknown:  preg_match(): Passing null to parameter #4 ($flags) of type int is deprecated in C:\OSPanel\domains\job\system\library\template\Twig\Lexer.php on line 223
2023-01-19 17:13:59 - PHP Unknown:  preg_match(): Passing null to parameter #4 ($flags) of type int is deprecated in C:\OSPanel\domains\job\system\library\template\Twig\Lexer.php on line 232
2023-01-19 17:13:59 - PHP Unknown:  preg_match(): Passing null to parameter #4 ($flags) of type int is deprecated in C:\OSPanel\domains\job\system\library\template\Twig\Lexer.php on line 237
2023-01-19 17:13:59 - PHP Unknown:  preg_match(): Passing null to parameter #4 ($flags) of type int is deprecated in C:\OSPanel\domains\job\system\library\template\Twig\Lexer.php on line 211
2023-01-19 17:13:59 - PHP Unknown:  preg_match(): Passing null to parameter #4 ($flags) of type int is deprecated in C:\OSPanel\domains\job\system\library\template\Twig\Lexer.php on line 211
2023-01-19 17:13:59 - PHP Unknown:  preg_match(): Passing null to parameter #4 ($flags) of type int is deprecated in C:\OSPanel\domains\job\system\library\template\Twig\Lexer.php on line 223
2023-01-19 17:13:59 - PHP Unknown:  preg_match(): Passing null to parameter #4 ($flags) of type int is deprecated in C:\OSPanel\domains\job\system\library\template\Twig\Lexer.php on line 232
2023-01-19 17:13:59 - PHP Unknown:  preg_match(): Passing null to parameter #4 ($flags) of type int is deprecated in C:\OSPanel\domains\job\system\library\template\Twig\Lexer.php on line 237
2023-01-19 17:13:59 - PHP Unknown:  preg_match(): Passing null to parameter #4 ($flags) of type int is deprecated in C:\OSPanel\domains\job\system\library\template\Twig\Lexer.php on line 211
2023-01-19 17:13:59 - PHP Unknown:  preg_match(): Passing null to parameter #4 ($flags) of type int is deprecated in C:\OSPanel\domains\job\system\library\template\Twig\Lexer.php on line 176
2023-01-19 17:13:59 - PHP Unknown:  preg_match(): Passing null to parameter #4 ($flags) of type int is deprecated in C:\OSPanel\domains\job\system\library\template\Twig\Lexer.php on line 180
2023-01-19 17:13:59 - PHP Unknown:  preg_match(): Passing null to parameter #4 ($flags) of type int is deprecated in C:\OSPanel\domains\job\system\library\template\Twig\Lexer.php on line 200
2023-01-19 17:13:59 - PHP Unknown:  preg_match(): Passing null to parameter #4 ($flags) of type int is deprecated in C:\OSPanel\domains\job\system\library\template\Twig\Lexer.php on line 223
2023-01-19 17:13:59 - PHP Unknown:  preg_match(): Passing null to parameter #4 ($flags) of type int is deprecated in C:\OSPanel\domains\job\system\library\template\Twig\Lexer.php on line 232
2023-01-19 17:13:59 - PHP Unknown:  preg_match(): Passing null to parameter #4 ($flags) of type int is deprecated in C:\OSPanel\domains\job\system\library\template\Twig\Lexer.php on line 237
2023-01-19 17:13:59 - PHP Unknown:  preg_match(): Passing null to parameter #4 ($flags) of type int is deprecated in C:\OSPanel\domains\job\system\library\template\Twig\Lexer.php on line 200
2023-01-19 17:13:59 - PHP Unknown:  preg_match(): Passing null to parameter #4 ($flags) of type int is deprecated in C:\OSPanel\domains\job\system\library\template\Twig\Lexer.php on line 223
2023-01-19 17:13:59 - PHP Unknown:  preg_match(): Passing null to parameter #4 ($flags) of type int is deprecated in C:\OSPanel\domains\job\system\library\template\Twig\Lexer.php on line 232
2023-01-19 17:13:59 - PHP Unknown:  preg_match(): Passing null to parameter #4 ($flags) of type int is deprecated in C:\OSPanel\domains\job\system\library\template\Twig\Lexer.php on line 237
2023-01-19 17:13:59 - PHP Unknown:  preg_match(): Passing null to parameter #4 ($flags) of type int is deprecated in C:\OSPanel\domains\job\system\library\template\Twig\Lexer.php on line 200
2023-01-19 17:13:59 - PHP Unknown:  preg_match(): Passing null to parameter #4 ($flags) of type int is deprecated in C:\OSPanel\domains\job\system\library\template\Twig\Lexer.php on line 223
2023-01-19 17:13:59 - PHP Unknown:  preg_match(): Passing null to parameter #4 ($flags) of type int is deprecated in C:\OSPanel\domains\job\system\library\template\Twig\Lexer.php on line 232
2023-01-19 17:13:59 - PHP Unknown:  preg_match(): Passing null to parameter #4 ($flags) of type int is deprecated in C:\OSPanel\domains\job\system\library\template\Twig\Lexer.php on line 200
2023-01-19 17:13:59 - PHP Unknown:  preg_match(): Passing null to parameter #4 ($flags) of type int is deprecated in C:\OSPanel\domains\job\system\library\template\Twig\Lexer.php on line 223
2023-01-19 17:13:59 - PHP Unknown:  preg_match(): Passing null to parameter #4 ($flags) of type int is deprecated in C:\OSPanel\domains\job\system\library\template\Twig\Lexer.php on line 232
2023-01-19 17:13:59 - PHP Unknown:  preg_match(): Passing null to parameter #4 ($flags) of type int is deprecated in C:\OSPanel\domains\job\system\library\template\Twig\Lexer.php on line 237
2023-01-19 17:13:59 - PHP Unknown:  preg_match(): Passing null to parameter #4 ($flags) of type int is deprecated in C:\OSPanel\domains\job\system\library\template\Twig\Lexer.php on line 200
2023-01-19 17:13:59 - PHP Unknown:  preg_match(): Passing null to parameter #4 ($flags) of type int is deprecated in C:\OSPanel\domains\job\system\library\template\Twig\Lexer.php on line 211
2023-01-19 17:13:59 - PHP Unknown:  preg_match(): Passing null to parameter #4 ($flags) of type int is deprecated in C:\OSPanel\domains\job\system\library\template\Twig\Lexer.php on line 223
2023-01-19 17:13:59 - PHP Unknown:  preg_match(): Passing null to parameter #4 ($flags) of type int is deprecated in C:\OSPanel\domains\job\system\library\template\Twig\Lexer.php on line 232
2023-01-19 17:13:59 - PHP Unknown:  preg_match(): Passing null to parameter #4 ($flags) of type int is deprecated in C:\OSPanel\domains\job\system\library\template\Twig\Lexer.php on line 237
2023-01-19 17:13:59 - PHP Unknown:  preg_match(): Passing null to parameter #4 ($flags) of type int is deprecated in C:\OSPanel\domains\job\system\library\template\Twig\Lexer.php on line 211
2023-01-19 17:13:59 - PHP Unknown:  preg_match(): Passing null to parameter #4 ($flags) of type int is deprecated in C:\OSPanel\domains\job\system\library\template\Twig\Lexer.php on line 211
2023-01-19 17:13:59 - PHP Unknown:  preg_match(): Passing null to parameter #4 ($flags) of type int is deprecated in C:\OSPanel\domains\job\system\library\template\Twig\Lexer.php on line 223
2023-01-19 17:13:59 - PHP Unknown:  preg_match(): Passing null to parameter #4 ($flags) of type int is deprecated in C:\OSPanel\domains\job\system\library\template\Twig\Lexer.php on line 232
2023-01-19 17:13:59 - PHP Unknown:  preg_match(): Passing null to parameter #4 ($flags) of type int is deprecated in C:\OSPanel\domains\job\system\library\template\Twig\Lexer.php on line 237
2023-01-19 17:13:59 - PHP Unknown:  preg_match(): Passing null to parameter #4 ($flags) of type int is deprecated in C:\OSPanel\domains\job\system\library\template\Twig\Lexer.php on line 211
2023-01-19 17:13:59 - PHP Unknown:  preg_match(): Passing null to parameter #4 ($flags) of type int is deprecated in C:\OSPanel\domains\job\system\library\template\Twig\Lexer.php on line 211
2023-01-19 17:13:59 - PHP Unknown:  preg_match(): Passing null to parameter #4 ($flags) of type int is deprecated in C:\OSPanel\domains\job\system\library\template\Twig\Lexer.php on line 223
2023-01-19 17:13:59 - PHP Unknown:  preg_match(): Passing null to parameter #4 ($flags) of type int is deprecated in C:\OSPanel\domains\job\system\library\template\Twig\Lexer.php on line 232
2023-01-19 17:13:59 - PHP Unknown:  preg_match(): Passing null to parameter #4 ($flags) of type int is deprecated in C:\OSPanel\domains\job\system\library\template\Twig\Lexer.php on line 237
2023-01-19 17:13:59 - PHP Unknown:  preg_match(): Passing null to parameter #4 ($flags) of type int is deprecated in C:\OSPanel\domains\job\system\library\template\Twig\Lexer.php on line 211
2023-01-19 17:13:59 - PHP Unknown:  preg_match(): Passing null to parameter #4 ($flags) of type int is deprecated in C:\OSPanel\domains\job\system\library\template\Twig\Lexer.php on line 176
2023-01-19 17:13:59 - PHP Unknown:  preg_match(): Passing null to parameter #4 ($flags) of type int is deprecated in C:\OSPanel\domains\job\system\library\template\Twig\Lexer.php on line 180
2023-01-19 17:13:59 - PHP Unknown:  preg_match(): Passing null to parameter #4 ($flags) of type int is deprecated in C:\OSPanel\domains\job\system\library\template\Twig\Lexer.php on line 200
2023-01-19 17:13:59 - PHP Unknown:  preg_match(): Passing null to parameter #4 ($flags) of type int is deprecated in C:\OSPanel\domains\job\system\library\template\Twig\Lexer.php on line 223
2023-01-19 17:13:59 - PHP Unknown:  preg_match(): Passing null to parameter #4 ($flags) of type int is deprecated in C:\OSPanel\domains\job\system\library\template\Twig\Lexer.php on line 232
2023-01-19 17:13:59 - PHP Unknown:  preg_match(): Passing null to parameter #4 ($flags) of type int is deprecated in C:\OSPanel\domains\job\system\library\template\Twig\Lexer.php on line 237
2023-01-19 17:13:59 - PHP Unknown:  preg_match(): Passing null to parameter #4 ($flags) of type int is deprecated in C:\OSPanel\domains\job\system\library\template\Twig\Lexer.php on line 200
2023-01-19 17:13:59 - PHP Unknown:  preg_match(): Passing null to parameter #4 ($flags) of type int is deprecated in C:\OSPanel\domains\job\system\library\template\Twig\Lexer.php on line 211
2023-01-19 17:13:59 - PHP Unknown:  preg_match(): Passing null to parameter #4 ($flags) of type int is deprecated in C:\OSPanel\domains\job\system\library\template\Twig\Lexer.php on line 223
2023-01-19 17:13:59 - PHP Unknown:  preg_match(): Passing null to parameter #4 ($flags) of type int is deprecated in C:\OSPanel\domains\job\system\library\template\Twig\Lexer.php on line 232
2023-01-19 17:13:59 - PHP Unknown:  preg_match(): Passing null to parameter #4 ($flags) of type int is deprecated in C:\OSPanel\domains\job\system\library\template\Twig\Lexer.php on line 237
2023-01-19 17:13:59 - PHP Unknown:  preg_match(): Passing null to parameter #4 ($flags) of type int is deprecated in C:\OSPanel\domains\job\system\library\template\Twig\Lexer.php on line 211
2023-01-19 17:13:59 - PHP Unknown:  Using Twig_Autoloader is deprecated since version 1.21. Use Composer instead. in C:\OSPanel\domains\job\system\library\template\Twig\Autoloader.php on line 30
2023-01-19 17:13:59 - PHP Unknown:  preg_match(): Passing null to parameter #4 ($flags) of type int is deprecated in C:\OSPanel\domains\job\system\library\template\Twig\Lexer.php on line 211
2023-01-19 17:13:59 - PHP Unknown:  preg_match(): Passing null to parameter #4 ($flags) of type int is deprecated in C:\OSPanel\domains\job\system\library\template\Twig\Lexer.php on line 223
2023-01-19 17:13:59 - PHP Unknown:  preg_match(): Passing null to parameter #4 ($flags) of type int is deprecated in C:\OSPanel\domains\job\system\library\template\Twig\Lexer.php on line 232
2023-01-19 17:13:59 - PHP Unknown:  preg_match(): Passing null to parameter #4 ($flags) of type int is deprecated in C:\OSPanel\domains\job\system\library\template\Twig\Lexer.php on line 237
2023-01-19 17:13:59 - PHP Unknown:  preg_match(): Passing null to parameter #4 ($flags) of type int is deprecated in C:\OSPanel\domains\job\system\library\template\Twig\Lexer.php on line 211
2023-01-19 17:13:59 - PHP Unknown:  preg_match(): Passing null to parameter #4 ($flags) of type int is deprecated in C:\OSPanel\domains\job\system\library\template\Twig\Lexer.php on line 211
2023-01-19 17:13:59 - PHP Unknown:  preg_match(): Passing null to parameter #4 ($flags) of type int is deprecated in C:\OSPanel\domains\job\system\library\template\Twig\Lexer.php on line 223
2023-01-19 17:13:59 - PHP Unknown:  preg_match(): Passing null to parameter #4 ($flags) of type int is deprecated in C:\OSPanel\domains\job\system\library\template\Twig\Lexer.php on line 232
2023-01-19 17:13:59 - PHP Unknown:  preg_match(): Passing null to parameter #4 ($flags) of type int is deprecated in C:\OSPanel\domains\job\system\library\template\Twig\Lexer.php on line 237
2023-01-19 17:13:59 - PHP Unknown:  preg_match(): Passing null to parameter #4 ($flags) of type int is deprecated in C:\OSPanel\domains\job\system\library\template\Twig\Lexer.php on line 211
2023-01-19 17:13:59 - PHP Unknown:  preg_match(): Passing null to parameter #4 ($flags) of type int is deprecated in C:\OSPanel\domains\job\system\library\template\Twig\Lexer.php on line 211
2023-01-19 17:13:59 - PHP Unknown:  preg_match(): Passing null to parameter #4 ($flags) of type int is deprecated in C:\OSPanel\domains\job\system\library\template\Twig\Lexer.php on line 223
2023-01-19 17:13:59 - PHP Unknown:  preg_match(): Passing null to parameter #4 ($flags) of type int is deprecated in C:\OSPanel\domains\job\system\library\template\Twig\Lexer.php on line 232
2023-01-19 17:13:59 - PHP Unknown:  preg_match(): Passing null to parameter #4 ($flags) of type int is deprecated in C:\OSPanel\domains\job\system\library\template\Twig\Lexer.php on line 237
2023-01-19 17:13:59 - PHP Unknown:  preg_match(): Passing null to parameter #4 ($flags) of type int is deprecated in C:\OSPanel\domains\job\system\library\template\Twig\Lexer.php on line 211
2023-01-19 17:13:59 - PHP Unknown:  preg_match(): Passing null to parameter #4 ($flags) of type int is deprecated in C:\OSPanel\domains\job\system\library\template\Twig\Lexer.php on line 211
2023-01-19 17:13:59 - PHP Unknown:  preg_match(): Passing null to parameter #4 ($flags) of type int is deprecated in C:\OSPanel\domains\job\system\library\template\Twig\Lexer.php on line 223
2023-01-19 17:13:59 - PHP Unknown:  preg_match(): Passing null to parameter #4 ($flags) of type int is deprecated in C:\OSPanel\domains\job\system\library\template\Twig\Lexer.php on line 232
2023-01-19 17:13:59 - PHP Unknown:  preg_match(): Passing null to parameter #4 ($flags) of type int is deprecated in C:\OSPanel\domains\job\system\library\template\Twig\Lexer.php on line 237
2023-01-19 17:13:59 - PHP Unknown:  preg_match(): Passing null to parameter #4 ($flags) of type int is deprecated in C:\OSPanel\domains\job\system\library\template\Twig\Lexer.php on line 211
2023-01-19 17:13:59 - PHP Unknown:  preg_match(): Passing null to parameter #4 ($flags) of type int is deprecated in C:\OSPanel\domains\job\system\library\template\Twig\Lexer.php on line 211
2023-01-19 17:13:59 - PHP Unknown:  preg_match(): Passing null to parameter #4 ($flags) of type int is deprecated in C:\OSPanel\domains\job\system\library\template\Twig\Lexer.php on line 223
2023-01-19 17:13:59 - PHP Unknown:  preg_match(): Passing null to parameter #4 ($flags) of type int is deprecated in C:\OSPanel\domains\job\system\library\template\Twig\Lexer.php on line 232
2023-01-19 17:13:59 - PHP Unknown:  preg_match(): Passing null to parameter #4 ($flags) of type int is deprecated in C:\OSPanel\domains\job\system\library\template\Twig\Lexer.php on line 237
2023-01-19 17:13:59 - PHP Unknown:  preg_match(): Passing null to parameter #4 ($flags) of type int is deprecated in C:\OSPanel\domains\job\system\library\template\Twig\Lexer.php on line 211
2023-01-19 17:13:59 - PHP Unknown:  preg_match(): Passing null to parameter #4 ($flags) of type int is deprecated in C:\OSPanel\domains\job\system\library\template\Twig\Lexer.php on line 211
2023-01-19 17:13:59 - PHP Unknown:  preg_match(): Passing null to parameter #4 ($flags) of type int is deprecated in C:\OSPanel\domains\job\system\library\template\Twig\Lexer.php on line 223
2023-01-19 17:13:59 - PHP Unknown:  preg_match(): Passing null to parameter #4 ($flags) of type int is deprecated in C:\OSPanel\domains\job\system\library\template\Twig\Lexer.php on line 232
2023-01-19 17:13:59 - PHP Unknown:  preg_match(): Passing null to parameter #4 ($flags) of type int is deprecated in C:\OSPanel\domains\job\system\library\template\Twig\Lexer.php on line 237
2023-01-19 17:13:59 - PHP Unknown:  preg_match(): Passing null to parameter #4 ($flags) of type int is deprecated in C:\OSPanel\domains\job\system\library\template\Twig\Lexer.php on line 211
2023-01-19 17:13:59 - PHP Unknown:  preg_match(): Passing null to parameter #4 ($flags) of type int is deprecated in C:\OSPanel\domains\job\system\library\template\Twig\Lexer.php on line 211
2023-01-19 17:13:59 - PHP Unknown:  preg_match(): Passing null to parameter #4 ($flags) of type int is deprecated in C:\OSPanel\domains\job\system\library\template\Twig\Lexer.php on line 223
2023-01-19 17:13:59 - PHP Unknown:  preg_match(): Passing null to parameter #4 ($flags) of type int is deprecated in C:\OSPanel\domains\job\system\library\template\Twig\Lexer.php on line 232
2023-01-19 17:13:59 - PHP Unknown:  preg_match(): Passing null to parameter #4 ($flags) of type int is deprecated in C:\OSPanel\domains\job\system\library\template\Twig\Lexer.php on line 237
2023-01-19 17:13:59 - PHP Unknown:  preg_match(): Passing null to parameter #4 ($flags) of type int is deprecated in C:\OSPanel\domains\job\system\library\template\Twig\Lexer.php on line 211
2023-01-19 17:13:59 - PHP Unknown:  preg_match(): Passing null to parameter #4 ($flags) of type int is deprecated in C:\OSPanel\domains\job\system\library\template\Twig\Lexer.php on line 211
2023-01-19 17:13:59 - PHP Unknown:  preg_match(): Passing null to parameter #4 ($flags) of type int is deprecated in C:\OSPanel\domains\job\system\library\template\Twig\Lexer.php on line 223
2023-01-19 17:13:59 - PHP Unknown:  preg_match(): Passing null to parameter #4 ($flags) of type int is deprecated in C:\OSPanel\domains\job\system\library\template\Twig\Lexer.php on line 232
2023-01-19 17:13:59 - PHP Unknown:  preg_match(): Passing null to parameter #4 ($flags) of type int is deprecated in C:\OSPanel\domains\job\system\library\template\Twig\Lexer.php on line 237
2023-01-19 17:13:59 - PHP Unknown:  preg_match(): Passing null to parameter #4 ($flags) of type int is deprecated in C:\OSPanel\domains\job\system\library\template\Twig\Lexer.php on line 211
2023-01-19 18:02:37 - PHP Warning:  mysqli::__construct(): The server requested authentication method unknown to the client [caching_sha2_password] in D:\os\OSPanel\domains\job\system\library\db\mysqli.php on line 7
2023-01-19 18:02:37 - PHP Warning:  mysqli::__construct(): (HY000/2054): The server requested authentication method unknown to the client in D:\os\OSPanel\domains\job\system\library\db\mysqli.php on line 7
2023-01-19 18:02:37 - PHP Warning:  DB\MySQLi::__construct(): Couldn't fetch mysqli in D:\os\OSPanel\domains\job\system\library\db\mysqli.php on line 10
2023-01-19 18:02:37 - PHP Warning:  DB\MySQLi::__construct(): Couldn't fetch mysqli in D:\os\OSPanel\domains\job\system\library\db\mysqli.php on line 10
2023-01-19 18:02:37 - PHP Notice:  Undefined variable: mysql in D:\os\OSPanel\domains\job\install\controller\install\step_3.php on line 280
2023-01-19 18:02:37 - PHP Notice:  Trying to get property 'connect_error' of non-object in D:\os\OSPanel\domains\job\install\controller\install\step_3.php on line 280
2023-01-19 18:03:58 - PHP Warning:  mysqli::__construct(): The server requested authentication method unknown to the client [caching_sha2_password] in D:\os\OSPanel\domains\job\system\library\db\mysqli.php on line 7
2023-01-19 18:03:58 - PHP Warning:  mysqli::__construct(): (HY000/2054): The server requested authentication method unknown to the client in D:\os\OSPanel\domains\job\system\library\db\mysqli.php on line 7
2023-01-19 18:03:58 - PHP Warning:  DB\MySQLi::__construct(): Couldn't fetch mysqli in D:\os\OSPanel\domains\job\system\library\db\mysqli.php on line 10
2023-01-19 18:03:58 - PHP Warning:  DB\MySQLi::__construct(): Couldn't fetch mysqli in D:\os\OSPanel\domains\job\system\library\db\mysqli.php on line 10
2023-01-19 18:03:58 - PHP Notice:  Undefined variable: mysql in D:\os\OSPanel\domains\job\install\controller\install\step_3.php on line 280
2023-01-19 18:03:58 - PHP Notice:  Trying to get property 'connect_error' of non-object in D:\os\OSPanel\domains\job\install\controller\install\step_3.php on line 280
2023-01-19 18:05:22 - PHP Warning:  mysqli::__construct(): The server requested authentication method unknown to the client [caching_sha2_password] in D:\os\OSPanel\domains\job\system\library\db\mysqli.php on line 7
2023-01-19 18:05:22 - PHP Warning:  mysqli::__construct(): (HY000/2054): The server requested authentication method unknown to the client in D:\os\OSPanel\domains\job\system\library\db\mysqli.php on line 7
2023-01-19 18:05:22 - PHP Warning:  DB\MySQLi::__construct(): Couldn't fetch mysqli in D:\os\OSPanel\domains\job\system\library\db\mysqli.php on line 10
2023-01-19 18:05:22 - PHP Warning:  DB\MySQLi::__construct(): Couldn't fetch mysqli in D:\os\OSPanel\domains\job\system\library\db\mysqli.php on line 10
2023-01-19 18:05:22 - PHP Notice:  Undefined variable: mysql in D:\os\OSPanel\domains\job\install\controller\install\step_3.php on line 280
2023-01-19 18:05:22 - PHP Notice:  Trying to get property 'connect_error' of non-object in D:\os\OSPanel\domains\job\install\controller\install\step_3.php on line 280
2023-01-19 18:23:05 - PHP Warning:  mysqli::__construct(): (HY000/1045): Access denied for user 'user'@'localhost' (using password: YES) in D:\os\OSPanel\domains\job\system\library\db\mysqli.php on line 7
2023-01-19 18:23:05 - PHP Warning:  DB\MySQLi::__construct(): Couldn't fetch mysqli in D:\os\OSPanel\domains\job\system\library\db\mysqli.php on line 10
2023-01-19 18:23:05 - PHP Warning:  DB\MySQLi::__construct(): Couldn't fetch mysqli in D:\os\OSPanel\domains\job\system\library\db\mysqli.php on line 10
2023-01-19 18:23:05 - PHP Notice:  Undefined variable: mysql in D:\os\OSPanel\domains\job\install\controller\install\step_3.php on line 280
2023-01-19 18:23:05 - PHP Notice:  Trying to get property 'connect_error' of non-object in D:\os\OSPanel\domains\job\install\controller\install\step_3.php on line 280
